0 info it worked if it ends with ok
1 verbose cli [ '/usr/local/bin/node', '/usr/local/bin/npm', 'start' ]
2 info using npm@3.10.10
3 info using node@v8.4.0
4 verbose run-script [ 'prestart', 'start', 'poststart' ]
5 info lifecycle ecommerce@0.0.0~prestart: ecommerce@0.0.0
6 silly lifecycle ecommerce@0.0.0~prestart: no script for prestart, continuing
7 info lifecycle ecommerce@0.0.0~start: ecommerce@0.0.0
8 verbose lifecycle ecommerce@0.0.0~start: unsafe-perm in lifecycle true
9 verbose lifecycle ecommerce@0.0.0~start: PATH: /usr/local/lib/node_modules/npm/bin/node-gyp-bin:/home/yon/PHASE2/2WEEK/ecommerce/server/node_modules/.bin:/usr/local/sbin:/usr/local/bin:/usr/sbin:/usr/bin:/sbin:/bin:/usr/games:/usr/local/games
10 verbose lifecycle ecommerce@0.0.0~start: CWD: /home/yon/PHASE2/2WEEK/ecommerce/server
11 silly lifecycle ecommerce@0.0.0~start: Args: [ '-c', 'nodemon ./bin/www' ]
12 silly lifecycle ecommerce@0.0.0~start: Returned: code: 1  signal: null
13 info lifecycle ecommerce@0.0.0~start: Failed to exec start script
14 verbose stack Error: ecommerce@0.0.0 start: `nodemon ./bin/www`
14 verbose stack Exit status 1
14 verbose stack     at EventEmitter.<anonymous> (/usr/local/lib/node_modules/npm/lib/utils/lifecycle.js:255:16)
14 verbose stack     at emitTwo (events.js:125:13)
14 verbose stack     at EventEmitter.emit (events.js:213:7)
14 verbose stack     at ChildProcess.<anonymous> (/usr/local/lib/node_modules/npm/lib/utils/spawn.js:40:14)
14 verbose stack     at emitTwo (events.js:125:13)
14 verbose stack     at ChildProcess.emit (events.js:213:7)
14 verbose stack     at maybeClose (internal/child_process.js:927:16)
14 verbose stack     at Process.ChildProcess._handle.onexit (internal/child_process.js:211:5)
15 verbose pkgid ecommerce@0.0.0
16 verbose cwd /home/yon/PHASE2/2WEEK/ecommerce/server
17 error Linux 4.4.0-98-generic
18 error argv "/usr/local/bin/node" "/usr/local/bin/npm" "start"
19 error node v8.4.0
20 error npm  v3.10.10
21 error code ELIFECYCLE
22 error ecommerce@0.0.0 start: `nodemon ./bin/www`
22 error Exit status 1
23 error Failed at the ecommerce@0.0.0 start script 'nodemon ./bin/www'.
23 error Make sure you have the latest version of node.js and npm installed.
23 error If you do, this is most likely a problem with the ecommerce package,
23 error not with npm itself.
23 error Tell the author that this fails on your system:
23 error     nodemon ./bin/www
23 error You can get information on how to open an issue for this project with:
23 error     npm bugs ecommerce
23 error Or if that isn't available, you can get their info via:
23 error     npm owner ls ecommerce
23 error There is likely additional logging output above.
24 verbose exit [ 1, true ]
